2023-10-04 16:32:53,382 INFO o.a.j.u.JMeterUtils: Setting Locale to en_EN
2023-10-04 16:32:53,394 INFO o.a.j.JMeter: Loading user properties from: /opt/homebrew/Cellar/jmeter/5.5/libexec/bin/user.properties
2023-10-04 16:32:53,395 INFO o.a.j.JMeter: Loading system properties from: /opt/homebrew/Cellar/jmeter/5.5/libexec/bin/system.properties
2023-10-04 16:32:53,397 INFO o.a.j.JMeter: Copyright (c) 1998-2022 The Apache Software Foundation
2023-10-04 16:32:53,397 INFO o.a.j.JMeter: Version 5.5
2023-10-04 16:32:53,397 INFO o.a.j.JMeter: java.version=19.0.2
2023-10-04 16:32:53,397 INFO o.a.j.JMeter: java.vm.name=OpenJDK 64-Bit Server VM
2023-10-04 16:32:53,397 INFO o.a.j.JMeter: os.name=Mac OS X
2023-10-04 16:32:53,397 INFO o.a.j.JMeter: os.arch=aarch64
2023-10-04 16:32:53,397 INFO o.a.j.JMeter: os.version=13.3.1
2023-10-04 16:32:53,397 INFO o.a.j.JMeter: file.encoding=UTF-8
2023-10-04 16:32:53,397 INFO o.a.j.JMeter: java.awt.headless=null
2023-10-04 16:32:53,397 INFO o.a.j.JMeter: Max memory     =1073741824
2023-10-04 16:32:53,397 INFO o.a.j.JMeter: Available Processors =10
2023-10-04 16:32:53,402 INFO o.a.j.JMeter: Default Locale=English (EN)
2023-10-04 16:32:53,402 INFO o.a.j.JMeter: JMeter  Locale=English (EN)
2023-10-04 16:32:53,403 INFO o.a.j.JMeter: JMeterHome=/opt/homebrew/Cellar/jmeter/5.5/libexec
2023-10-04 16:32:53,403 INFO o.a.j.JMeter: user.dir  =/Users/soonkukkang/Documents/Dev/07_work/mitum-spec-tests/lookup
2023-10-04 16:32:53,403 INFO o.a.j.JMeter: PWD       =/Users/soonkukkang/Documents/Dev/07_work/mitum-spec-tests/lookup
2023-10-04 16:32:53,410 INFO o.a.j.JMeter: IP: 192.168.50.18 Name: Soonkuk-MBP-16 FullName: soonkuk-mbp-16
2023-10-04 16:32:53,415 INFO o.a.j.JMeter: Loaded icon properties from org/apache/jmeter/images/icon.properties
2023-10-04 16:32:53,952 INFO o.a.j.JMeterGuiLauncher: Setting LAF to: com.github.weisj.darklaf.DarkLaf:com.github.weisj.darklaf.theme.DarculaTheme
2023-10-04 16:32:57,598 INFO o.j.r.JARSourceHTTP: Requesting https://jmeter-plugins.org/repo/?installID=mac_os_x-a968643236c60c925bd10b68eb93754b-gui
2023-10-04 16:32:59,741 INFO o.j.r.PluginManager: Plugins Status: [jpgc-plugins-manager=1.7, jmeter-core=5.5, jmeter-ftp=5.5, jmeter-http=5.5, jmeter-jdbc=5.5, jmeter-jms=5.5, jmeter-junit=5.5, jmeter-java=5.5, jmeter-ldap=5.5, jmeter-mail=5.5, jmeter-mongodb=5.5, jmeter-native=5.5, jmeter-tcp=5.5, jmeter-components=5.5]
2023-10-04 16:32:59,742 INFO o.j.r.PluginManagerMenuItem: Plugins Manager has upgrades: [jpgc-plugins-manager]
2023-10-04 16:33:15,161 INFO o.a.j.s.FileServer: Default base='/Users/soonkukkang/Documents/Dev/07_work/mitum-spec-tests/lookup'
2023-10-04 16:33:15,163 INFO o.a.j.g.a.Load: Loading file: /Users/soonkukkang/Documents/Dev/07_work/mitum-spec-tests/lookup/lookup.jmx
2023-10-04 16:33:15,163 INFO o.a.j.s.FileServer: Set new base='/Users/soonkukkang/Documents/Dev/07_work/mitum-spec-tests/lookup'
2023-10-04 16:33:15,270 INFO o.a.j.s.SaveService: Testplan (JMX) version: 2.2. Testlog (JTL) version: 2.2
2023-10-04 16:33:15,273 INFO o.a.j.s.SaveService: Using SaveService properties version 5.0
2023-10-04 16:33:15,273 INFO o.a.j.s.SaveService: Using SaveService properties file encoding UTF-8
2023-10-04 16:33:15,274 INFO o.a.j.s.SaveService: Loading file: /Users/soonkukkang/Documents/Dev/07_work/mitum-spec-tests/lookup/lookup.jmx
2023-10-04 16:33:15,320 INFO o.a.j.p.h.c.CookieManager: Settings: Delete null: true Check: true Allow variable: true Save: false Prefix: COOKIE_
2023-10-04 16:33:15,322 INFO o.a.j.p.h.c.CacheManager: Will only cache the following methods: [GET]
2023-10-04 16:33:15,323 INFO o.a.j.p.h.s.HTTPSamplerBase: Parser for text/html is org.apache.jmeter.protocol.http.parser.LagartoBasedHtmlParser
2023-10-04 16:33:15,323 INFO o.a.j.p.h.s.HTTPSamplerBase: Parser for application/xhtml+xml is org.apache.jmeter.protocol.http.parser.LagartoBasedHtmlParser
2023-10-04 16:33:15,323 INFO o.a.j.p.h.s.HTTPSamplerBase: Parser for application/xml is org.apache.jmeter.protocol.http.parser.LagartoBasedHtmlParser
2023-10-04 16:33:15,323 INFO o.a.j.p.h.s.HTTPSamplerBase: Parser for text/xml is org.apache.jmeter.protocol.http.parser.LagartoBasedHtmlParser
2023-10-04 16:33:15,323 INFO o.a.j.p.h.s.HTTPSamplerBase: Parser for text/vnd.wap.wml is org.apache.jmeter.protocol.http.parser.RegexpHTMLParser
2023-10-04 16:33:15,323 INFO o.a.j.p.h.s.HTTPSamplerBase: Parser for text/css is org.apache.jmeter.protocol.http.parser.CssParser
2023-10-04 16:33:15,335 WARN o.a.j.g.a.Load: Unexpected error. java.lang.IllegalArgumentException: Problem loading XML from:'/Users/soonkukkang/Documents/Dev/07_work/mitum-spec-tests/lookup/lookup.jmx'. 
Cause:
ClassCastException: class org.apache.jmeter.protocol.http.control.HeaderManager cannot be cast to class org.apache.jorphan.collections.HashTree (org.apache.jmeter.protocol.http.control.HeaderManager and org.apache.jorphan.collections.HashTree are in unnamed module of loader org.apache.jmeter.DynamicClassLoader @372f7a8d)

 Detail:com.thoughtworks.xstream.converters.ConversionException: 
---- Debugging information ----
cause-exception     : com.thoughtworks.xstream.converters.ConversionException
cause-message       : 
first-jmeter-class  : org.apache.jmeter.save.converters.HashTreeConverter.unmarshal(HashTreeConverter.java:66)
class               : org.apache.jmeter.save.ScriptWrapper
required-type       : org.apache.jmeter.save.ScriptWrapper
converter-type      : org.apache.jmeter.save.ScriptWrapperConverter
path                : /jmeterTestPlan/hashTree/hashTree/hashTree/HeaderManager
line number         : 32
version             : 5.5
-------------------------------
java.lang.IllegalArgumentException: Problem loading XML from:'/Users/soonkukkang/Documents/Dev/07_work/mitum-spec-tests/lookup/lookup.jmx'. 
Cause:
ClassCastException: class org.apache.jmeter.protocol.http.control.HeaderManager cannot be cast to class org.apache.jorphan.collections.HashTree (org.apache.jmeter.protocol.http.control.HeaderManager and org.apache.jorphan.collections.HashTree are in unnamed module of loader org.apache.jmeter.DynamicClassLoader @372f7a8d)

 Detail:com.thoughtworks.xstream.converters.ConversionException: 
---- Debugging information ----
cause-exception     : com.thoughtworks.xstream.converters.ConversionException
cause-message       : 
first-jmeter-class  : org.apache.jmeter.save.converters.HashTreeConverter.unmarshal(HashTreeConverter.java:66)
class               : org.apache.jmeter.save.ScriptWrapper
required-type       : org.apache.jmeter.save.ScriptWrapper
converter-type      : org.apache.jmeter.save.ScriptWrapperConverter
path                : /jmeterTestPlan/hashTree/hashTree/hashTree/HeaderManager
line number         : 32
version             : 5.5
-------------------------------
	at org.apache.jmeter.save.SaveService.readTree(SaveService.java:456) ~[ApacheJMeter_core.jar:5.5]
	at org.apache.jmeter.save.SaveService.loadTree(SaveService.java:429) ~[ApacheJMeter_core.jar:5.5]
	at org.apache.jmeter.gui.action.Load.loadProjectFile(Load.java:129) ~[ApacheJMeter_core.jar:5.5]
	at org.apache.jmeter.gui.action.Load.loadProjectFile(Load.java:101) ~[ApacheJMeter_core.jar:5.5]
	at org.apache.jmeter.gui.action.Load.doActionAfterCheck(Load.java:88) ~[ApacheJMeter_core.jar:5.5]
	at org.apache.jmeter.gui.action.AbstractActionWithNoRunningTest.doAction(AbstractActionWithNoRunningTest.java:44) ~[ApacheJMeter_core.jar:5.5]
	at org.apache.jmeter.gui.action.ActionRouter.performAction(ActionRouter.java:87) ~[ApacheJMeter_core.jar:5.5]
	at org.apache.jmeter.gui.action.ActionRouter.lambda$actionPerformed$0(ActionRouter.java:69) ~[ApacheJMeter_core.jar:5.5]
	at java.awt.event.InvocationEvent.dispatch(InvocationEvent.java:318) ~[?:?]
	at java.awt.EventQueue.dispatchEventImpl(EventQueue.java:773) ~[?:?]
	at java.awt.EventQueue$4.run(EventQueue.java:720) ~[?:?]
	at java.awt.EventQueue$4.run(EventQueue.java:714) ~[?:?]
	at java.security.AccessController.doPrivileged(AccessController.java:399) ~[?:?]
	at java.security.ProtectionDomain$JavaSecurityAccessImpl.doIntersectionPrivilege(ProtectionDomain.java:86) ~[?:?]
	at java.awt.EventQueue.dispatchEvent(EventQueue.java:742) ~[?:?]
	at java.awt.EventDispatchThread.pumpOneEventForFilters(EventDispatchThread.java:203) ~[?:?]
	at java.awt.EventDispatchThread.pumpEventsForFilter(EventDispatchThread.java:124) ~[?:?]
	at java.awt.EventDispatchThread.pumpEventsForHierarchy(EventDispatchThread.java:113) ~[?:?]
	at java.awt.EventDispatchThread.pumpEvents(EventDispatchThread.java:109) ~[?:?]
	at java.awt.EventDispatchThread.pumpEvents(EventDispatchThread.java:101) ~[?:?]
	at java.awt.EventDispatchThread.run(EventDispatchThread.java:90) ~[?:?]
Caused by: com.thoughtworks.xstream.converters.ConversionException: 
---- Debugging information ----
cause-exception     : com.thoughtworks.xstream.converters.ConversionException
cause-message       : 
first-jmeter-class  : org.apache.jmeter.save.converters.HashTreeConverter.unmarshal(HashTreeConverter.java:66)
class               : org.apache.jmeter.save.ScriptWrapper
required-type       : org.apache.jmeter.save.ScriptWrapper
converter-type      : org.apache.jmeter.save.ScriptWrapperConverter
path                : /jmeterTestPlan/hashTree/hashTree/hashTree/HeaderManager
line number         : 32
version             : 5.5
-------------------------------
	at org.apache.jmeter.save.ScriptWrapperConverter.createConversionException(ScriptWrapperConverter.java:101) ~[ApacheJMeter_core.jar:5.5]
	at org.apache.jmeter.save.ScriptWrapperConverter.unmarshal(ScriptWrapperConverter.java:95) ~[ApacheJMeter_core.jar:5.5]
	at com.thoughtworks.xstream.core.TreeUnmarshaller.convert(TreeUnmarshaller.java:74) ~[xstream-1.4.19.jar:1.4.19]
	at com.thoughtworks.xstream.core.AbstractReferenceUnmarshaller.convert(AbstractReferenceUnmarshaller.java:72) ~[xstream-1.4.19.jar:1.4.19]
	at com.thoughtworks.xstream.core.TreeUnmarshaller.convertAnother(TreeUnmarshaller.java:68) ~[xstream-1.4.19.jar:1.4.19]
	at com.thoughtworks.xstream.core.TreeUnmarshaller.convertAnother(TreeUnmarshaller.java:52) ~[xstream-1.4.19.jar:1.4.19]
	at com.thoughtworks.xstream.core.TreeUnmarshaller.start(TreeUnmarshaller.java:136) ~[xstream-1.4.19.jar:1.4.19]
	at com.thoughtworks.xstream.core.AbstractTreeMarshallingStrategy.unmarshal(AbstractTreeMarshallingStrategy.java:32) ~[xstream-1.4.19.jar:1.4.19]
	at com.thoughtworks.xstream.XStream.unmarshal(XStream.java:1421) ~[xstream-1.4.19.jar:1.4.19]
	at com.thoughtworks.xstream.XStream.unmarshal(XStream.java:1399) ~[xstream-1.4.19.jar:1.4.19]
	at com.thoughtworks.xstream.XStream.fromXML(XStream.java:1284) ~[xstream-1.4.19.jar:1.4.19]
	at org.apache.jmeter.save.SaveService.readTree(SaveService.java:446) ~[ApacheJMeter_core.jar:5.5]
	... 20 more
Caused by: com.thoughtworks.xstream.converters.ConversionException: 
---- Debugging information ----
cause-exception     : java.lang.ClassCastException
cause-message       : class org.apache.jmeter.protocol.http.control.HeaderManager cannot be cast to class org.apache.jorphan.collections.HashTree (org.apache.jmeter.protocol.http.control.HeaderManager and org.apache.jorphan.collections.HashTree are in unnamed module of loader org.apache.jmeter.DynamicClassLoader @372f7a8d)
class               : org.apache.jorphan.collections.ListedHashTree
required-type       : org.apache.jorphan.collections.ListedHashTree
converter-type      : org.apache.jmeter.save.converters.HashTreeConverter
path                : /jmeterTestPlan/hashTree/hashTree/hashTree/HeaderManager
line number         : 32
-------------------------------
	at com.thoughtworks.xstream.core.TreeUnmarshaller.convert(TreeUnmarshaller.java:81) ~[xstream-1.4.19.jar:1.4.19]
	at com.thoughtworks.xstream.core.AbstractReferenceUnmarshaller.convert(AbstractReferenceUnmarshaller.java:72) ~[xstream-1.4.19.jar:1.4.19]
	at com.thoughtworks.xstream.core.TreeUnmarshaller.convertAnother(TreeUnmarshaller.java:68) ~[xstream-1.4.19.jar:1.4.19]
	at com.thoughtworks.xstream.core.TreeUnmarshaller.convertAnother(TreeUnmarshaller.java:52) ~[xstream-1.4.19.jar:1.4.19]
	at com.thoughtworks.xstream.converters.collections.AbstractCollectionConverter.readBareItem(AbstractCollectionConverter.java:132) ~[xstream-1.4.19.jar:1.4.19]
	at org.apache.jmeter.save.converters.HashTreeConverter.unmarshal(HashTreeConverter.java:66) ~[ApacheJMeter_core.jar:5.5]
	at com.thoughtworks.xstream.core.TreeUnmarshaller.convert(TreeUnmarshaller.java:74) ~[xstream-1.4.19.jar:1.4.19]
	at com.thoughtworks.xstream.core.AbstractReferenceUnmarshaller.convert(AbstractReferenceUnmarshaller.java:72) ~[xstream-1.4.19.jar:1.4.19]
	at com.thoughtworks.xstream.core.TreeUnmarshaller.convertAnother(TreeUnmarshaller.java:68) ~[xstream-1.4.19.jar:1.4.19]
	at com.thoughtworks.xstream.core.TreeUnmarshaller.convertAnother(TreeUnmarshaller.java:52) ~[xstream-1.4.19.jar:1.4.19]
	at com.thoughtworks.xstream.converters.collections.AbstractCollectionConverter.readBareItem(AbstractCollectionConverter.java:132) ~[xstream-1.4.19.jar:1.4.19]
	at org.apache.jmeter.save.converters.HashTreeConverter.unmarshal(HashTreeConverter.java:66) ~[ApacheJMeter_core.jar:5.5]
	at com.thoughtworks.xstream.core.TreeUnmarshaller.convert(TreeUnmarshaller.java:74) ~[xstream-1.4.19.jar:1.4.19]
	at com.thoughtworks.xstream.core.AbstractReferenceUnmarshaller.convert(AbstractReferenceUnmarshaller.java:72) ~[xstream-1.4.19.jar:1.4.19]
	at com.thoughtworks.xstream.core.TreeUnmarshaller.convertAnother(TreeUnmarshaller.java:68) ~[xstream-1.4.19.jar:1.4.19]
	at com.thoughtworks.xstream.core.TreeUnmarshaller.convertAnother(TreeUnmarshaller.java:52) ~[xstream-1.4.19.jar:1.4.19]
	at org.apache.jmeter.save.ScriptWrapperConverter.unmarshal(ScriptWrapperConverter.java:93) ~[ApacheJMeter_core.jar:5.5]
	at com.thoughtworks.xstream.core.TreeUnmarshaller.convert(TreeUnmarshaller.java:74) ~[xstream-1.4.19.jar:1.4.19]
	at com.thoughtworks.xstream.core.AbstractReferenceUnmarshaller.convert(AbstractReferenceUnmarshaller.java:72) ~[xstream-1.4.19.jar:1.4.19]
	at com.thoughtworks.xstream.core.TreeUnmarshaller.convertAnother(TreeUnmarshaller.java:68) ~[xstream-1.4.19.jar:1.4.19]
	at com.thoughtworks.xstream.core.TreeUnmarshaller.convertAnother(TreeUnmarshaller.java:52) ~[xstream-1.4.19.jar:1.4.19]
	at com.thoughtworks.xstream.core.TreeUnmarshaller.start(TreeUnmarshaller.java:136) ~[xstream-1.4.19.jar:1.4.19]
	at com.thoughtworks.xstream.core.AbstractTreeMarshallingStrategy.unmarshal(AbstractTreeMarshallingStrategy.java:32) ~[xstream-1.4.19.jar:1.4.19]
	at com.thoughtworks.xstream.XStream.unmarshal(XStream.java:1421) ~[xstream-1.4.19.jar:1.4.19]
	at com.thoughtworks.xstream.XStream.unmarshal(XStream.java:1399) ~[xstream-1.4.19.jar:1.4.19]
	at com.thoughtworks.xstream.XStream.fromXML(XStream.java:1284) ~[xstream-1.4.19.jar:1.4.19]
	at org.apache.jmeter.save.SaveService.readTree(SaveService.java:446) ~[ApacheJMeter_core.jar:5.5]
	... 20 more
Caused by: java.lang.ClassCastException: class org.apache.jmeter.protocol.http.control.HeaderManager cannot be cast to class org.apache.jorphan.collections.HashTree (org.apache.jmeter.protocol.http.control.HeaderManager and org.apache.jorphan.collections.HashTree are in unnamed module of loader org.apache.jmeter.DynamicClassLoader @372f7a8d)
	at org.apache.jmeter.save.converters.HashTreeConverter.unmarshal(HashTreeConverter.java:72) ~[ApacheJMeter_core.jar:5.5]
	at com.thoughtworks.xstream.core.TreeUnmarshaller.convert(TreeUnmarshaller.java:74) ~[xstream-1.4.19.jar:1.4.19]
	at com.thoughtworks.xstream.core.AbstractReferenceUnmarshaller.convert(AbstractReferenceUnmarshaller.java:72) ~[xstream-1.4.19.jar:1.4.19]
	at com.thoughtworks.xstream.core.TreeUnmarshaller.convertAnother(TreeUnmarshaller.java:68) ~[xstream-1.4.19.jar:1.4.19]
	at com.thoughtworks.xstream.core.TreeUnmarshaller.convertAnother(TreeUnmarshaller.java:52) ~[xstream-1.4.19.jar:1.4.19]
	at com.thoughtworks.xstream.converters.collections.AbstractCollectionConverter.readBareItem(AbstractCollectionConverter.java:132) ~[xstream-1.4.19.jar:1.4.19]
	at org.apache.jmeter.save.converters.HashTreeConverter.unmarshal(HashTreeConverter.java:66) ~[ApacheJMeter_core.jar:5.5]
	at com.thoughtworks.xstream.core.TreeUnmarshaller.convert(TreeUnmarshaller.java:74) ~[xstream-1.4.19.jar:1.4.19]
	at com.thoughtworks.xstream.core.AbstractReferenceUnmarshaller.convert(AbstractReferenceUnmarshaller.java:72) ~[xstream-1.4.19.jar:1.4.19]
	at com.thoughtworks.xstream.core.TreeUnmarshaller.convertAnother(TreeUnmarshaller.java:68) ~[xstream-1.4.19.jar:1.4.19]
	at com.thoughtworks.xstream.core.TreeUnmarshaller.convertAnother(TreeUnmarshaller.java:52) ~[xstream-1.4.19.jar:1.4.19]
	at com.thoughtworks.xstream.converters.collections.AbstractCollectionConverter.readBareItem(AbstractCollectionConverter.java:132) ~[xstream-1.4.19.jar:1.4.19]
	at org.apache.jmeter.save.converters.HashTreeConverter.unmarshal(HashTreeConverter.java:66) ~[ApacheJMeter_core.jar:5.5]
	at com.thoughtworks.xstream.core.TreeUnmarshaller.convert(TreeUnmarshaller.java:74) ~[xstream-1.4.19.jar:1.4.19]
	at com.thoughtworks.xstream.core.AbstractReferenceUnmarshaller.convert(AbstractReferenceUnmarshaller.java:72) ~[xstream-1.4.19.jar:1.4.19]
	at com.thoughtworks.xstream.core.TreeUnmarshaller.convertAnother(TreeUnmarshaller.java:68) ~[xstream-1.4.19.jar:1.4.19]
	at com.thoughtworks.xstream.core.TreeUnmarshaller.convertAnother(TreeUnmarshaller.java:52) ~[xstream-1.4.19.jar:1.4.19]
	at org.apache.jmeter.save.ScriptWrapperConverter.unmarshal(ScriptWrapperConverter.java:93) ~[ApacheJMeter_core.jar:5.5]
	at com.thoughtworks.xstream.core.TreeUnmarshaller.convert(TreeUnmarshaller.java:74) ~[xstream-1.4.19.jar:1.4.19]
	at com.thoughtworks.xstream.core.AbstractReferenceUnmarshaller.convert(AbstractReferenceUnmarshaller.java:72) ~[xstream-1.4.19.jar:1.4.19]
	at com.thoughtworks.xstream.core.TreeUnmarshaller.convertAnother(TreeUnmarshaller.java:68) ~[xstream-1.4.19.jar:1.4.19]
	at com.thoughtworks.xstream.core.TreeUnmarshaller.convertAnother(TreeUnmarshaller.java:52) ~[xstream-1.4.19.jar:1.4.19]
	at com.thoughtworks.xstream.core.TreeUnmarshaller.start(TreeUnmarshaller.java:136) ~[xstream-1.4.19.jar:1.4.19]
	at com.thoughtworks.xstream.core.AbstractTreeMarshallingStrategy.unmarshal(AbstractTreeMarshallingStrategy.java:32) ~[xstream-1.4.19.jar:1.4.19]
	at com.thoughtworks.xstream.XStream.unmarshal(XStream.java:1421) ~[xstream-1.4.19.jar:1.4.19]
	at com.thoughtworks.xstream.XStream.unmarshal(XStream.java:1399) ~[xstream-1.4.19.jar:1.4.19]
	at com.thoughtworks.xstream.XStream.fromXML(XStream.java:1284) ~[xstream-1.4.19.jar:1.4.19]
	at org.apache.jmeter.save.SaveService.readTree(SaveService.java:446) ~[ApacheJMeter_core.jar:5.5]
	... 20 more
2023-10-04 16:33:15,339 ERROR o.a.j.u.JMeterUtils: Problem loading XML from:'/Users/soonkukkang/Documents/Dev/07_work/mitum-spec-tests/lookup/lookup.jmx'. 
Cause:
ClassCastException: class org.apache.jmeter.protocol.http.control.HeaderManager cannot be cast to class org.apache.jorphan.collections.HashTree (org.apache.jmeter.protocol.http.control.HeaderManager and org.apache.jorphan.collections.HashTree are in unnamed module of loader org.apache.jmeter.DynamicClassLoader @372f7a8d)

 Detail:com.thoughtworks.xstream.converters.ConversionException: 
---- Debugging information ----
cause-exception     : com.thoughtworks.xstream.converters.ConversionException
cause-message       : 
first-jmeter-class  : org.apache.jmeter.save.converters.HashTreeConverter.unmarshal(HashTreeConverter.java:66)
class               : org.apache.jmeter.save.ScriptWrapper
required-type       : org.apache.jmeter.save.ScriptWrapper
converter-type      : org.apache.jmeter.save.ScriptWrapperConverter
path                : /jmeterTestPlan/hashTree/hashTree/hashTree/HeaderManager
line number         : 32
version             : 5.5
-------------------------------
2023-10-04 16:34:19,526 INFO o.a.j.g.a.Load: Loading file: /Users/soonkukkang/Documents/Dev/07_work/mitum-spec-tests/m-lookup-tps/jmeter/Transfers.jmx
2023-10-04 16:34:19,526 INFO o.a.j.s.FileServer: Set new base='/Users/soonkukkang/Documents/Dev/07_work/mitum-spec-tests/m-lookup-tps/jmeter'
2023-10-04 16:34:19,526 INFO o.a.j.s.SaveService: Loading file: /Users/soonkukkang/Documents/Dev/07_work/mitum-spec-tests/m-lookup-tps/jmeter/Transfers.jmx
2023-10-04 16:34:19,652 INFO o.a.j.s.FileServer: Set new base='/Users/soonkukkang/Documents/Dev/07_work/mitum-spec-tests/m-lookup-tps/jmeter'
2023-10-04 16:34:51,267 INFO o.a.j.g.a.Load: Loading file: /Users/soonkukkang/Documents/Dev/07_work/mitum-lookup-tps/jmeter/JMETER.jmx
2023-10-04 16:34:51,268 INFO o.a.j.s.FileServer: Set new base='/Users/soonkukkang/Documents/Dev/07_work/mitum-lookup-tps/jmeter'
2023-10-04 16:34:51,268 INFO o.a.j.s.SaveService: Loading file: /Users/soonkukkang/Documents/Dev/07_work/mitum-lookup-tps/jmeter/JMETER.jmx
2023-10-04 16:34:51,273 WARN o.j.r.p.TestPlanAnalyzer: Failed read jmx file
java.io.FileNotFoundException: /Users/soonkukkang/Documents/Dev/07_work/mitum-lookup-tps/jmeter/JMETER.jmx (No such file or directory)
	at java.io.FileInputStream.open0(Native Method) ~[?:?]
	at java.io.FileInputStream.open(FileInputStream.java:219) ~[?:?]
	at java.io.FileInputStream.<init>(FileInputStream.java:158) ~[?:?]
	at org.jmeterplugins.repository.plugins.TestPlanAnalyzer.readBytesFromFile(TestPlanAnalyzer.java:68) ~[jmeter-plugins-manager-1.7.jar:?]
	at org.jmeterplugins.repository.plugins.TestPlanAnalyzer.getNodeListWithClassNames(TestPlanAnalyzer.java:111) ~[jmeter-plugins-manager-1.7.jar:?]
	at org.jmeterplugins.repository.plugins.TestPlanAnalyzer.analyze(TestPlanAnalyzer.java:37) ~[jmeter-plugins-manager-1.7.jar:?]
	at org.jmeterplugins.repository.plugins.PluginSuggester.analyzeTestPlan(PluginSuggester.java:51) ~[jmeter-plugins-manager-1.7.jar:?]
	at org.jmeterplugins.repository.plugins.PluginSuggester.findPluginsToInstall(PluginSuggester.java:44) ~[jmeter-plugins-manager-1.7.jar:?]
	at org.jmeterplugins.repository.plugins.PluginSuggester.checkAndSuggest(PluginSuggester.java:28) ~[jmeter-plugins-manager-1.7.jar:?]
	at org.jmeterplugins.repository.logging.LoggerAppender.append(LoggerAppender.java:33) ~[jmeter-plugins-manager-1.7.jar:?]
	at org.apache.logging.log4j.core.config.AppenderControl.tryCallAppender(AppenderControl.java:161) ~[log4j-core-2.17.2.jar:2.17.2]
	at org.apache.logging.log4j.core.config.AppenderControl.callAppender0(AppenderControl.java:134) ~[log4j-core-2.17.2.jar:2.17.2]
	at org.apache.logging.log4j.core.config.AppenderControl.callAppenderPreventRecursion(AppenderControl.java:125) ~[log4j-core-2.17.2.jar:2.17.2]
	at org.apache.logging.log4j.core.config.AppenderControl.callAppender(AppenderControl.java:89) ~[log4j-core-2.17.2.jar:2.17.2]
	at org.apache.logging.log4j.core.config.LoggerConfig.callAppenders(LoggerConfig.java:675) ~[log4j-core-2.17.2.jar:2.17.2]
	at org.apache.logging.log4j.core.config.LoggerConfig.processLogEvent(LoggerConfig.java:633) ~[log4j-core-2.17.2.jar:2.17.2]
	at org.apache.logging.log4j.core.config.LoggerConfig.log(LoggerConfig.java:616) ~[log4j-core-2.17.2.jar:2.17.2]
	at org.apache.logging.log4j.core.config.LoggerConfig.log(LoggerConfig.java:552) ~[log4j-core-2.17.2.jar:2.17.2]
	at org.apache.logging.log4j.core.config.AwaitCompletionReliabilityStrategy.log(AwaitCompletionReliabilityStrategy.java:82) ~[log4j-core-2.17.2.jar:2.17.2]
	at org.apache.logging.log4j.core.Logger.log(Logger.java:161) ~[log4j-core-2.17.2.jar:2.17.2]
	at org.apache.logging.log4j.spi.AbstractLogger.tryLogMessage(AbstractLogger.java:2205) ~[log4j-api-2.17.2.jar:2.17.2]
	at org.apache.logging.log4j.spi.AbstractLogger.logMessageTrackRecursion(AbstractLogger.java:2159) ~[log4j-api-2.17.2.jar:2.17.2]
	at org.apache.logging.log4j.spi.AbstractLogger.logMessageSafely(AbstractLogger.java:2142) ~[log4j-api-2.17.2.jar:2.17.2]
	at org.apache.logging.log4j.spi.AbstractLogger.logMessage(AbstractLogger.java:2034) ~[log4j-api-2.17.2.jar:2.17.2]
	at org.apache.logging.log4j.spi.AbstractLogger.logIfEnabled(AbstractLogger.java:1899) ~[log4j-api-2.17.2.jar:2.17.2]
	at org.apache.logging.slf4j.Log4jLogger.info(Log4jLogger.java:184) ~[log4j-slf4j-impl-2.17.2.jar:2.17.2]
	at org.apache.jmeter.save.SaveService.loadTree(SaveService.java:425) ~[ApacheJMeter_core.jar:5.5]
	at org.apache.jmeter.gui.action.Load.loadProjectFile(Load.java:129) ~[ApacheJMeter_core.jar:5.5]
	at org.apache.jmeter.gui.action.Load.loadProjectFile(Load.java:101) ~[ApacheJMeter_core.jar:5.5]
	at org.apache.jmeter.gui.action.LoadRecentProject.doActionAfterCheck(LoadRecentProject.java:71) ~[ApacheJMeter_core.jar:5.5]
	at org.apache.jmeter.gui.action.AbstractActionWithNoRunningTest.doAction(AbstractActionWithNoRunningTest.java:44) ~[ApacheJMeter_core.jar:5.5]
	at org.apache.jmeter.gui.action.ActionRouter.performAction(ActionRouter.java:87) ~[ApacheJMeter_core.jar:5.5]
	at org.apache.jmeter.gui.action.ActionRouter.lambda$actionPerformed$0(ActionRouter.java:69) ~[ApacheJMeter_core.jar:5.5]
	at java.awt.event.InvocationEvent.dispatch(InvocationEvent.java:318) ~[?:?]
	at java.awt.EventQueue.dispatchEventImpl(EventQueue.java:773) ~[?:?]
	at java.awt.EventQueue$4.run(EventQueue.java:720) ~[?:?]
	at java.awt.EventQueue$4.run(EventQueue.java:714) ~[?:?]
	at java.security.AccessController.doPrivileged(AccessController.java:399) ~[?:?]
	at java.security.ProtectionDomain$JavaSecurityAccessImpl.doIntersectionPrivilege(ProtectionDomain.java:86) ~[?:?]
	at java.awt.EventQueue.dispatchEvent(EventQueue.java:742) ~[?:?]
	at java.awt.EventDispatchThread.pumpOneEventForFilters(EventDispatchThread.java:203) ~[?:?]
	at java.awt.EventDispatchThread.pumpEventsForFilter(EventDispatchThread.java:124) ~[?:?]
	at java.awt.EventDispatchThread.pumpEventsForHierarchy(EventDispatchThread.java:113) ~[?:?]
	at java.awt.EventDispatchThread.pumpEvents(EventDispatchThread.java:109) ~[?:?]
	at java.awt.EventDispatchThread.pumpEvents(EventDispatchThread.java:101) ~[?:?]
	at java.awt.EventDispatchThread.run(EventDispatchThread.java:90) ~[?:?]
2023-10-04 16:34:51,276 WARN o.j.r.p.TestPlanAnalyzer: Cannot parse file: /Users/soonkukkang/Documents/Dev/07_work/mitum-lookup-tps/jmeter/JMETER.jmx
org.xml.sax.SAXParseException: Premature end of file.
	at org.apache.xerces.parsers.DOMParser.parse(Unknown Source) ~[xercesImpl-2.12.2.jar:?]
	at org.apache.xerces.jaxp.DocumentBuilderImpl.parse(Unknown Source) ~[xercesImpl-2.12.2.jar:?]
	at javax.xml.parsers.DocumentBuilder.parse(DocumentBuilder.java:122) ~[?:?]
	at org.jmeterplugins.repository.plugins.TestPlanAnalyzer.getNodeListWithClassNames(TestPlanAnalyzer.java:112) ~[jmeter-plugins-manager-1.7.jar:?]
	at org.jmeterplugins.repository.plugins.TestPlanAnalyzer.analyze(TestPlanAnalyzer.java:37) ~[jmeter-plugins-manager-1.7.jar:?]
	at org.jmeterplugins.repository.plugins.PluginSuggester.analyzeTestPlan(PluginSuggester.java:51) ~[jmeter-plugins-manager-1.7.jar:?]
	at org.jmeterplugins.repository.plugins.PluginSuggester.findPluginsToInstall(PluginSuggester.java:44) ~[jmeter-plugins-manager-1.7.jar:?]
	at org.jmeterplugins.repository.plugins.PluginSuggester.checkAndSuggest(PluginSuggester.java:28) ~[jmeter-plugins-manager-1.7.jar:?]
	at org.jmeterplugins.repository.logging.LoggerAppender.append(LoggerAppender.java:33) ~[jmeter-plugins-manager-1.7.jar:?]
	at org.apache.logging.log4j.core.config.AppenderControl.tryCallAppender(AppenderControl.java:161) ~[log4j-core-2.17.2.jar:2.17.2]
	at org.apache.logging.log4j.core.config.AppenderControl.callAppender0(AppenderControl.java:134) ~[log4j-core-2.17.2.jar:2.17.2]
	at org.apache.logging.log4j.core.config.AppenderControl.callAppenderPreventRecursion(AppenderControl.java:125) ~[log4j-core-2.17.2.jar:2.17.2]
	at org.apache.logging.log4j.core.config.AppenderControl.callAppender(AppenderControl.java:89) ~[log4j-core-2.17.2.jar:2.17.2]
	at org.apache.logging.log4j.core.config.LoggerConfig.callAppenders(LoggerConfig.java:675) ~[log4j-core-2.17.2.jar:2.17.2]
	at org.apache.logging.log4j.core.config.LoggerConfig.processLogEvent(LoggerConfig.java:633) ~[log4j-core-2.17.2.jar:2.17.2]
	at org.apache.logging.log4j.core.config.LoggerConfig.log(LoggerConfig.java:616) ~[log4j-core-2.17.2.jar:2.17.2]
	at org.apache.logging.log4j.core.config.LoggerConfig.log(LoggerConfig.java:552) ~[log4j-core-2.17.2.jar:2.17.2]
	at org.apache.logging.log4j.core.config.AwaitCompletionReliabilityStrategy.log(AwaitCompletionReliabilityStrategy.java:82) ~[log4j-core-2.17.2.jar:2.17.2]
	at org.apache.logging.log4j.core.Logger.log(Logger.java:161) ~[log4j-core-2.17.2.jar:2.17.2]
	at org.apache.logging.log4j.spi.AbstractLogger.tryLogMessage(AbstractLogger.java:2205) ~[log4j-api-2.17.2.jar:2.17.2]
	at org.apache.logging.log4j.spi.AbstractLogger.logMessageTrackRecursion(AbstractLogger.java:2159) ~[log4j-api-2.17.2.jar:2.17.2]
	at org.apache.logging.log4j.spi.AbstractLogger.logMessageSafely(AbstractLogger.java:2142) ~[log4j-api-2.17.2.jar:2.17.2]
	at org.apache.logging.log4j.spi.AbstractLogger.logMessage(AbstractLogger.java:2034) ~[log4j-api-2.17.2.jar:2.17.2]
	at org.apache.logging.log4j.spi.AbstractLogger.logIfEnabled(AbstractLogger.java:1899) ~[log4j-api-2.17.2.jar:2.17.2]
	at org.apache.logging.slf4j.Log4jLogger.info(Log4jLogger.java:184) ~[log4j-slf4j-impl-2.17.2.jar:2.17.2]
	at org.apache.jmeter.save.SaveService.loadTree(SaveService.java:425) ~[ApacheJMeter_core.jar:5.5]
	at org.apache.jmeter.gui.action.Load.loadProjectFile(Load.java:129) ~[ApacheJMeter_core.jar:5.5]
	at org.apache.jmeter.gui.action.Load.loadProjectFile(Load.java:101) ~[ApacheJMeter_core.jar:5.5]
	at org.apache.jmeter.gui.action.LoadRecentProject.doActionAfterCheck(LoadRecentProject.java:71) ~[ApacheJMeter_core.jar:5.5]
	at org.apache.jmeter.gui.action.AbstractActionWithNoRunningTest.doAction(AbstractActionWithNoRunningTest.java:44) ~[ApacheJMeter_core.jar:5.5]
	at org.apache.jmeter.gui.action.ActionRouter.performAction(ActionRouter.java:87) ~[ApacheJMeter_core.jar:5.5]
	at org.apache.jmeter.gui.action.ActionRouter.lambda$actionPerformed$0(ActionRouter.java:69) ~[ApacheJMeter_core.jar:5.5]
	at java.awt.event.InvocationEvent.dispatch(InvocationEvent.java:318) ~[?:?]
	at java.awt.EventQueue.dispatchEventImpl(EventQueue.java:773) ~[?:?]
	at java.awt.EventQueue$4.run(EventQueue.java:720) ~[?:?]
	at java.awt.EventQueue$4.run(EventQueue.java:714) ~[?:?]
	at java.security.AccessController.doPrivileged(AccessController.java:399) ~[?:?]
	at java.security.ProtectionDomain$JavaSecurityAccessImpl.doIntersectionPrivilege(ProtectionDomain.java:86) ~[?:?]
	at java.awt.EventQueue.dispatchEvent(EventQueue.java:742) ~[?:?]
	at java.awt.EventDispatchThread.pumpOneEventForFilters(EventDispatchThread.java:203) ~[?:?]
	at java.awt.EventDispatchThread.pumpEventsForFilter(EventDispatchThread.java:124) ~[?:?]
	at java.awt.EventDispatchThread.pumpEventsForHierarchy(EventDispatchThread.java:113) ~[?:?]
	at java.awt.EventDispatchThread.pumpEvents(EventDispatchThread.java:109) ~[?:?]
	at java.awt.EventDispatchThread.pumpEvents(EventDispatchThread.java:101) ~[?:?]
	at java.awt.EventDispatchThread.run(EventDispatchThread.java:90) ~[?:?]
2023-10-04 16:34:51,277 WARN o.a.j.g.a.Load: Error reading file. java.io.FileNotFoundException: /Users/soonkukkang/Documents/Dev/07_work/mitum-lookup-tps/jmeter/JMETER.jmx (No such file or directory)
2023-10-04 16:34:51,277 ERROR o.a.j.u.JMeterUtils: /Users/soonkukkang/Documents/Dev/07_work/mitum-lookup-tps/jmeter/JMETER.jmx (No such file or directory)
2023-10-04 16:34:58,650 INFO o.a.j.g.a.Load: Loading file: /Users/soonkukkang/Desktop/lookup.jmx
2023-10-04 16:34:58,651 INFO o.a.j.s.FileServer: Set new base='/Users/soonkukkang/Desktop'
2023-10-04 16:34:58,651 INFO o.a.j.s.SaveService: Loading file: /Users/soonkukkang/Desktop/lookup.jmx
2023-10-04 16:34:58,652 WARN o.j.r.p.TestPlanAnalyzer: Failed read jmx file
java.io.FileNotFoundException: /Users/soonkukkang/Desktop/lookup.jmx (No such file or directory)
	at java.io.FileInputStream.open0(Native Method) ~[?:?]
	at java.io.FileInputStream.open(FileInputStream.java:219) ~[?:?]
	at java.io.FileInputStream.<init>(FileInputStream.java:158) ~[?:?]
	at org.jmeterplugins.repository.plugins.TestPlanAnalyzer.readBytesFromFile(TestPlanAnalyzer.java:68) ~[jmeter-plugins-manager-1.7.jar:?]
	at org.jmeterplugins.repository.plugins.TestPlanAnalyzer.getNodeListWithClassNames(TestPlanAnalyzer.java:111) ~[jmeter-plugins-manager-1.7.jar:?]
	at org.jmeterplugins.repository.plugins.TestPlanAnalyzer.analyze(TestPlanAnalyzer.java:37) ~[jmeter-plugins-manager-1.7.jar:?]
	at org.jmeterplugins.repository.plugins.PluginSuggester.analyzeTestPlan(PluginSuggester.java:51) ~[jmeter-plugins-manager-1.7.jar:?]
	at org.jmeterplugins.repository.plugins.PluginSuggester.findPluginsToInstall(PluginSuggester.java:44) ~[jmeter-plugins-manager-1.7.jar:?]
	at org.jmeterplugins.repository.plugins.PluginSuggester.checkAndSuggest(PluginSuggester.java:28) ~[jmeter-plugins-manager-1.7.jar:?]
	at org.jmeterplugins.repository.logging.LoggerAppender.append(LoggerAppender.java:33) ~[jmeter-plugins-manager-1.7.jar:?]
	at org.apache.logging.log4j.core.config.AppenderControl.tryCallAppender(AppenderControl.java:161) ~[log4j-core-2.17.2.jar:2.17.2]
	at org.apache.logging.log4j.core.config.AppenderControl.callAppender0(AppenderControl.java:134) ~[log4j-core-2.17.2.jar:2.17.2]
	at org.apache.logging.log4j.core.config.AppenderControl.callAppenderPreventRecursion(AppenderControl.java:125) ~[log4j-core-2.17.2.jar:2.17.2]
	at org.apache.logging.log4j.core.config.AppenderControl.callAppender(AppenderControl.java:89) ~[log4j-core-2.17.2.jar:2.17.2]
	at org.apache.logging.log4j.core.config.LoggerConfig.callAppenders(LoggerConfig.java:675) ~[log4j-core-2.17.2.jar:2.17.2]
	at org.apache.logging.log4j.core.config.LoggerConfig.processLogEvent(LoggerConfig.java:633) ~[log4j-core-2.17.2.jar:2.17.2]
	at org.apache.logging.log4j.core.config.LoggerConfig.log(LoggerConfig.java:616) ~[log4j-core-2.17.2.jar:2.17.2]
	at org.apache.logging.log4j.core.config.LoggerConfig.log(LoggerConfig.java:552) ~[log4j-core-2.17.2.jar:2.17.2]
	at org.apache.logging.log4j.core.config.AwaitCompletionReliabilityStrategy.log(AwaitCompletionReliabilityStrategy.java:82) ~[log4j-core-2.17.2.jar:2.17.2]
	at org.apache.logging.log4j.core.Logger.log(Logger.java:161) ~[log4j-core-2.17.2.jar:2.17.2]
	at org.apache.logging.log4j.spi.AbstractLogger.tryLogMessage(AbstractLogger.java:2205) ~[log4j-api-2.17.2.jar:2.17.2]
	at org.apache.logging.log4j.spi.AbstractLogger.logMessageTrackRecursion(AbstractLogger.java:2159) ~[log4j-api-2.17.2.jar:2.17.2]
	at org.apache.logging.log4j.spi.AbstractLogger.logMessageSafely(AbstractLogger.java:2142) ~[log4j-api-2.17.2.jar:2.17.2]
	at org.apache.logging.log4j.spi.AbstractLogger.logMessage(AbstractLogger.java:2034) ~[log4j-api-2.17.2.jar:2.17.2]
	at org.apache.logging.log4j.spi.AbstractLogger.logIfEnabled(AbstractLogger.java:1899) ~[log4j-api-2.17.2.jar:2.17.2]
	at org.apache.logging.slf4j.Log4jLogger.info(Log4jLogger.java:184) ~[log4j-slf4j-impl-2.17.2.jar:2.17.2]
	at org.apache.jmeter.save.SaveService.loadTree(SaveService.java:425) ~[ApacheJMeter_core.jar:5.5]
	at org.apache.jmeter.gui.action.Load.loadProjectFile(Load.java:129) ~[ApacheJMeter_core.jar:5.5]
	at org.apache.jmeter.gui.action.Load.loadProjectFile(Load.java:101) ~[ApacheJMeter_core.jar:5.5]
	at org.apache.jmeter.gui.action.LoadRecentProject.doActionAfterCheck(LoadRecentProject.java:71) ~[ApacheJMeter_core.jar:5.5]
	at org.apache.jmeter.gui.action.AbstractActionWithNoRunningTest.doAction(AbstractActionWithNoRunningTest.java:44) ~[ApacheJMeter_core.jar:5.5]
	at org.apache.jmeter.gui.action.ActionRouter.performAction(ActionRouter.java:87) ~[ApacheJMeter_core.jar:5.5]
	at org.apache.jmeter.gui.action.ActionRouter.lambda$actionPerformed$0(ActionRouter.java:69) ~[ApacheJMeter_core.jar:5.5]
	at java.awt.event.InvocationEvent.dispatch(InvocationEvent.java:318) ~[?:?]
	at java.awt.EventQueue.dispatchEventImpl(EventQueue.java:773) ~[?:?]
	at java.awt.EventQueue$4.run(EventQueue.java:720) ~[?:?]
	at java.awt.EventQueue$4.run(EventQueue.java:714) ~[?:?]
	at java.security.AccessController.doPrivileged(AccessController.java:399) ~[?:?]
	at java.security.ProtectionDomain$JavaSecurityAccessImpl.doIntersectionPrivilege(ProtectionDomain.java:86) ~[?:?]
	at java.awt.EventQueue.dispatchEvent(EventQueue.java:742) ~[?:?]
	at java.awt.EventDispatchThread.pumpOneEventForFilters(EventDispatchThread.java:203) ~[?:?]
	at java.awt.EventDispatchThread.pumpEventsForFilter(EventDispatchThread.java:124) ~[?:?]
	at java.awt.EventDispatchThread.pumpEventsForHierarchy(EventDispatchThread.java:113) ~[?:?]
	at java.awt.EventDispatchThread.pumpEvents(EventDispatchThread.java:109) ~[?:?]
	at java.awt.EventDispatchThread.pumpEvents(EventDispatchThread.java:101) ~[?:?]
	at java.awt.EventDispatchThread.run(EventDispatchThread.java:90) ~[?:?]
2023-10-04 16:34:58,653 WARN o.j.r.p.TestPlanAnalyzer: Cannot parse file: /Users/soonkukkang/Desktop/lookup.jmx
org.xml.sax.SAXParseException: Premature end of file.
	at org.apache.xerces.parsers.DOMParser.parse(Unknown Source) ~[xercesImpl-2.12.2.jar:?]
	at org.apache.xerces.jaxp.DocumentBuilderImpl.parse(Unknown Source) ~[xercesImpl-2.12.2.jar:?]
	at javax.xml.parsers.DocumentBuilder.parse(DocumentBuilder.java:122) ~[?:?]
	at org.jmeterplugins.repository.plugins.TestPlanAnalyzer.getNodeListWithClassNames(TestPlanAnalyzer.java:112) ~[jmeter-plugins-manager-1.7.jar:?]
	at org.jmeterplugins.repository.plugins.TestPlanAnalyzer.analyze(TestPlanAnalyzer.java:37) ~[jmeter-plugins-manager-1.7.jar:?]
	at org.jmeterplugins.repository.plugins.PluginSuggester.analyzeTestPlan(PluginSuggester.java:51) ~[jmeter-plugins-manager-1.7.jar:?]
	at org.jmeterplugins.repository.plugins.PluginSuggester.findPluginsToInstall(PluginSuggester.java:44) ~[jmeter-plugins-manager-1.7.jar:?]
	at org.jmeterplugins.repository.plugins.PluginSuggester.checkAndSuggest(PluginSuggester.java:28) ~[jmeter-plugins-manager-1.7.jar:?]
	at org.jmeterplugins.repository.logging.LoggerAppender.append(LoggerAppender.java:33) ~[jmeter-plugins-manager-1.7.jar:?]
	at org.apache.logging.log4j.core.config.AppenderControl.tryCallAppender(AppenderControl.java:161) ~[log4j-core-2.17.2.jar:2.17.2]
	at org.apache.logging.log4j.core.config.AppenderControl.callAppender0(AppenderControl.java:134) ~[log4j-core-2.17.2.jar:2.17.2]
	at org.apache.logging.log4j.core.config.AppenderControl.callAppenderPreventRecursion(AppenderControl.java:125) ~[log4j-core-2.17.2.jar:2.17.2]
	at org.apache.logging.log4j.core.config.AppenderControl.callAppender(AppenderControl.java:89) ~[log4j-core-2.17.2.jar:2.17.2]
	at org.apache.logging.log4j.core.config.LoggerConfig.callAppenders(LoggerConfig.java:675) ~[log4j-core-2.17.2.jar:2.17.2]
	at org.apache.logging.log4j.core.config.LoggerConfig.processLogEvent(LoggerConfig.java:633) ~[log4j-core-2.17.2.jar:2.17.2]
	at org.apache.logging.log4j.core.config.LoggerConfig.log(LoggerConfig.java:616) ~[log4j-core-2.17.2.jar:2.17.2]
	at org.apache.logging.log4j.core.config.LoggerConfig.log(LoggerConfig.java:552) ~[log4j-core-2.17.2.jar:2.17.2]
	at org.apache.logging.log4j.core.config.AwaitCompletionReliabilityStrategy.log(AwaitCompletionReliabilityStrategy.java:82) ~[log4j-core-2.17.2.jar:2.17.2]
	at org.apache.logging.log4j.core.Logger.log(Logger.java:161) ~[log4j-core-2.17.2.jar:2.17.2]
	at org.apache.logging.log4j.spi.AbstractLogger.tryLogMessage(AbstractLogger.java:2205) ~[log4j-api-2.17.2.jar:2.17.2]
	at org.apache.logging.log4j.spi.AbstractLogger.logMessageTrackRecursion(AbstractLogger.java:2159) ~[log4j-api-2.17.2.jar:2.17.2]
	at org.apache.logging.log4j.spi.AbstractLogger.logMessageSafely(AbstractLogger.java:2142) ~[log4j-api-2.17.2.jar:2.17.2]
	at org.apache.logging.log4j.spi.AbstractLogger.logMessage(AbstractLogger.java:2034) ~[log4j-api-2.17.2.jar:2.17.2]
	at org.apache.logging.log4j.spi.AbstractLogger.logIfEnabled(AbstractLogger.java:1899) ~[log4j-api-2.17.2.jar:2.17.2]
	at org.apache.logging.slf4j.Log4jLogger.info(Log4jLogger.java:184) ~[log4j-slf4j-impl-2.17.2.jar:2.17.2]
	at org.apache.jmeter.save.SaveService.loadTree(SaveService.java:425) ~[ApacheJMeter_core.jar:5.5]
	at org.apache.jmeter.gui.action.Load.loadProjectFile(Load.java:129) ~[ApacheJMeter_core.jar:5.5]
	at org.apache.jmeter.gui.action.Load.loadProjectFile(Load.java:101) ~[ApacheJMeter_core.jar:5.5]
	at org.apache.jmeter.gui.action.LoadRecentProject.doActionAfterCheck(LoadRecentProject.java:71) ~[ApacheJMeter_core.jar:5.5]
	at org.apache.jmeter.gui.action.AbstractActionWithNoRunningTest.doAction(AbstractActionWithNoRunningTest.java:44) ~[ApacheJMeter_core.jar:5.5]
	at org.apache.jmeter.gui.action.ActionRouter.performAction(ActionRouter.java:87) ~[ApacheJMeter_core.jar:5.5]
	at org.apache.jmeter.gui.action.ActionRouter.lambda$actionPerformed$0(ActionRouter.java:69) ~[ApacheJMeter_core.jar:5.5]
	at java.awt.event.InvocationEvent.dispatch(InvocationEvent.java:318) ~[?:?]
	at java.awt.EventQueue.dispatchEventImpl(EventQueue.java:773) ~[?:?]
	at java.awt.EventQueue$4.run(EventQueue.java:720) ~[?:?]
	at java.awt.EventQueue$4.run(EventQueue.java:714) ~[?:?]
	at java.security.AccessController.doPrivileged(AccessController.java:399) ~[?:?]
	at java.security.ProtectionDomain$JavaSecurityAccessImpl.doIntersectionPrivilege(ProtectionDomain.java:86) ~[?:?]
	at java.awt.EventQueue.dispatchEvent(EventQueue.java:742) ~[?:?]
	at java.awt.EventDispatchThread.pumpOneEventForFilters(EventDispatchThread.java:203) ~[?:?]
	at java.awt.EventDispatchThread.pumpEventsForFilter(EventDispatchThread.java:124) ~[?:?]
	at java.awt.EventDispatchThread.pumpEventsForHierarchy(EventDispatchThread.java:113) ~[?:?]
	at java.awt.EventDispatchThread.pumpEvents(EventDispatchThread.java:109) ~[?:?]
	at java.awt.EventDispatchThread.pumpEvents(EventDispatchThread.java:101) ~[?:?]
	at java.awt.EventDispatchThread.run(EventDispatchThread.java:90) ~[?:?]
2023-10-04 16:34:58,654 WARN o.a.j.g.a.Load: Error reading file. java.io.FileNotFoundException: /Users/soonkukkang/Desktop/lookup.jmx (No such file or directory)
2023-10-04 16:34:58,654 ERROR o.a.j.u.JMeterUtils: /Users/soonkukkang/Desktop/lookup.jmx (No such file or directory)
