2023-10-04 16:24:39,272 INFO o.a.j.u.JMeterUtils: Setting Locale to en_EN
2023-10-04 16:24:39,296 INFO o.a.j.JMeter: Loading user properties from: /opt/homebrew/Cellar/jmeter/5.5/libexec/bin/user.properties
2023-10-04 16:24:39,296 INFO o.a.j.JMeter: Loading system properties from: /opt/homebrew/Cellar/jmeter/5.5/libexec/bin/system.properties
2023-10-04 16:24:39,299 INFO o.a.j.JMeter: Copyright (c) 1998-2022 The Apache Software Foundation
2023-10-04 16:24:39,300 INFO o.a.j.JMeter: Version 5.5
2023-10-04 16:24:39,300 INFO o.a.j.JMeter: java.version=19.0.2
2023-10-04 16:24:39,300 INFO o.a.j.JMeter: java.vm.name=OpenJDK 64-Bit Server VM
2023-10-04 16:24:39,300 INFO o.a.j.JMeter: os.name=Mac OS X
2023-10-04 16:24:39,300 INFO o.a.j.JMeter: os.arch=aarch64
2023-10-04 16:24:39,300 INFO o.a.j.JMeter: os.version=13.3.1
2023-10-04 16:24:39,300 INFO o.a.j.JMeter: file.encoding=UTF-8
2023-10-04 16:24:39,300 INFO o.a.j.JMeter: java.awt.headless=true
2023-10-04 16:24:39,300 INFO o.a.j.JMeter: Max memory     =1073741824
2023-10-04 16:24:39,300 INFO o.a.j.JMeter: Available Processors =10
2023-10-04 16:24:39,306 INFO o.a.j.JMeter: Default Locale=English (EN)
2023-10-04 16:24:39,307 INFO o.a.j.JMeter: JMeter  Locale=English (EN)
2023-10-04 16:24:39,307 INFO o.a.j.JMeter: JMeterHome=/opt/homebrew/Cellar/jmeter/5.5/libexec
2023-10-04 16:24:39,307 INFO o.a.j.JMeter: user.dir  =/Users/soonkukkang/Documents/Dev/07_work/mitum-spec-tests/m-lookup-tps
2023-10-04 16:24:39,307 INFO o.a.j.JMeter: PWD       =/Users/soonkukkang/Documents/Dev/07_work/mitum-spec-tests/m-lookup-tps
2023-10-04 16:24:39,314 INFO o.a.j.JMeter: IP: 192.168.50.18 Name: Soonkuk-MBP-16 FullName: soonkuk-mbp-16
2023-10-04 16:24:39,320 ERROR o.a.j.JMeter: An error occurred: 
org.apache.jmeter.report.config.ConfigurationException: The file /Users/soonkukkang/Documents/Dev/07_work/mitum-spec-tests/m-lookup-tps/lookup.jmx doesn't exist or can't be opened
	at org.apache.jmeter.JMeter.runNonGui(JMeter.java:927) ~[ApacheJMeter_core.jar:5.5]
	at org.apache.jmeter.JMeter.startNonGui(JMeter.java:917) ~[ApacheJMeter_core.jar:5.5]
	at org.apache.jmeter.JMeter.start(JMeter.java:485) ~[ApacheJMeter_core.jar:5.5]
	at jdk.internal.reflect.DirectMethodHandleAccessor.invoke(DirectMethodHandleAccessor.java:104) ~[?:?]
	at java.lang.reflect.Method.invoke(Method.java:578) ~[?:?]
	at org.apache.jmeter.NewDriver.main(NewDriver.java:259) ~[ApacheJMeter.jar:5.5]
